<?xml version="1.0" encoding="UTF-8"?>
<!-- Generated by org.testng.reporters.JUnitReportReporter -->
<testsuite hostname="SPICITY906" name="E2EAutomation.Allinonemaven.AppTest" tests="1" failures="0" timestamp="2 Jul 2019 08:45:25 GMT" time="0.000" errors="0">
  <testcase name="testApp" time="0.000" classname="E2EAutomation.Allinonemaven.AppTest"/>
</testsuite> <!-- E2EAutomation.Allinonemaven.AppTest -->
