<?xml version="1.0" encoding="UTF-8"?>
<!-- Generated by org.testng.reporters.JUnitReportReporter -->
<testsuite hostname="SPICITY906" name="E2EAutomation.Allinonemaven.Home" tests="2" failures="0" timestamp="2 Jul 2019 08:45:25 GMT" time="96.185" errors="0">
  <testcase name="basepagenavigation" time="36.478" classname="E2EAutomation.Allinonemaven.Home"/>
  <testcase name="basepagenavigation" time="59.707" classname="E2EAutomation.Allinonemaven.Home"/>
</testsuite> <!-- E2EAutomation.Allinonemaven.Home -->
