<?xml version="1.0" encoding="UTF-8"?>
<!-- Generated by org.testng.reporters.JUnitReportReporter -->
<testsuite hostname="SPICITY906" name="E2EAutomation.Allinonemaven.ValidateTitle" tests="1" failures="0" timestamp="2 Jul 2019 08:45:25 GMT" time="1.379" errors="0">
  <testcase name="basepagenavigation" time="1.379" classname="E2EAutomation.Allinonemaven.ValidateTitle"/>
</testsuite> <!-- E2EAutomation.Allinonemaven.ValidateTitle -->
