<?xml version="1.0" encoding="UTF-8"?>
<!-- Generated by org.testng.reporters.JUnitReportReporter -->
<testsuite skipped="0" hostname="sagar-PC" name="E2EAutomation.Allinonemaven.AppTest" tests="1" failures="0" timestamp="2020-05-18T20:44:03 IST" time="0.005" errors="0">
  <testcase name="testApp" time="0.005" classname="E2EAutomation.Allinonemaven.AppTest"/>
  <system-out/>
</testsuite> <!-- E2EAutomation.Allinonemaven.AppTest -->
