<?xml version="1.0" encoding="UTF-8"?>
<!-- Generated by org.testng.reporters.JUnitReportReporter -->
<testsuite skipped="1" hostname="sagar-PC" name="EndtoEnd.FrameworkE2E.validateTitle" tests="1" failures="0" timestamp="2020-05-16T16:44:14 IST" time="0.000" errors="0">
  <testcase name="validateAppTitle" time="0.000" classname="EndtoEnd.FrameworkE2E.validateTitle">
    <skipped/>
  </testcase> <!-- validateAppTitle -->
  <system-out/>
</testsuite> <!-- EndtoEnd.FrameworkE2E.validateTitle -->
